<?xml version="1.0" encoding="UTF-8"?>
<!-- Generated by org.testng.reporters.JUnitXMLReporter -->
<testsuite ignored="5" hostname="TYSS-Magendran" failures="0" tests="3" name="Test" time="28.0" errors="0" timestamp="2024-05-28T18:15:57 IST">
  <testcase classname="com.comcast.crm.LoginTest.loginModuleTest" name="loginINTOCRM" time="8.053"/>
  <testcase classname="com.comcast.crm.ExtentReport.LoginTOApplicationReportTest" name="loginExtentReport" time="0.002"/>
  <testcase classname="com.comcast.crm.createOrg.createOrganizationRandomNameTest" name="createOrganization" time="7.336"/>
  <testcase classname="com.comcast.crm.Verification.loginSoftAssertTest" name="loginSoft" time="0.0">
    <ignored/>
  </testcase> <!-- loginSoft -->
  <testcase classname="com.comcast.crm.createLead.createLeadTest" name="s" time="0.0">
    <ignored/>
  </testcase> <!-- s -->
  <testcase classname="com.comcast.crm.createOrg.createAndDeleteTest" name="createOrg" time="0.0">
    <ignored/>
  </testcase> <!-- createOrg -->
  <testcase classname="com.comcast.crm.Verification.loginAndVerificationTest" name="loginpageVerification" time="0.0">
    <ignored/>
  </testcase> <!-- loginpageVerification -->
  <testcase classname="com.comcast.crm.ExtentReport.LoginTOApplicationReportTest" name="createContact" time="0.0">
    <ignored/>
  </testcase> <!-- createContact -->
</testsuite> <!-- Test -->
