<?xml version="1.0" encoding="UTF-8"?>
<testng-results ignored="0" total="1" passed="1" failed="0" skipped="0">
  <reporter-output>
  </reporter-output>
  <suite started-at="2024-05-27T17:30:13 IST" name="Default suite" finished-at="2024-05-27T17:34:18 IST" duration-ms="244935">
    <groups>
      <group name="RegressionTest">
        <method signature="createOrganizationRandomName.createOrganization()[pri:0, instance:com.comcast.crm.createOrg.createOrganizationRandomName@293a5bf6]" name="createOrganization" class="com.comcast.crm.createOrg.createOrganizationRandomName"/>
      </group> <!-- RegressionTest -->
    </groups>
    <test started-at="2024-05-27T17:30:13 IST" name="Default test" finished-at="2024-05-27T17:34:18 IST" duration-ms="244935">
      <class name="com.comcast.crm.createOrg.createOrganizationRandomName">
        <test-method is-config="true" signature="configBC()[pri:0, instance:com.comcast.crm.createOrg.createOrganizationRandomName@293a5bf6]" started-at="2024-05-27T17:30:13 IST" name="configBC" finished-at="2024-05-27T17:33:19 IST" duration-ms="185444" status="PASS">
          <reporter-output>
          </reporter-output>
        </test-method> <!-- configBC -->
        <test-method is-config="true" signature="configSection()[pri:0, instance:com.comcast.crm.createOrg.createOrganizationRandomName@293a5bf6]" started-at="2024-05-27T17:33:20 IST" name="configSection" finished-at="2024-05-27T17:33:39 IST" duration-ms="19040" status="PASS">
          <reporter-output>
          </reporter-output>
        </test-method> <!-- configSection -->
        <test-method signature="createOrganization()[pri:0, instance:com.comcast.crm.createOrg.createOrganizationRandomName@293a5bf6]" started-at="2024-05-27T17:33:41 IST" name="createOrganization" finished-at="2024-05-27T17:33:50 IST" duration-ms="9521" status="PASS">
          <reporter-output>
          </reporter-output>
        </test-method> <!-- createOrganization -->
        <test-method is-config="true" signature="configAC()[pri:0, instance:com.comcast.crm.createOrg.createOrganizationRandomName@293a5bf6]" started-at="2024-05-27T17:33:54 IST" name="configAC" finished-at="2024-05-27T17:34:18 IST" duration-ms="24010" status="PASS">
          <reporter-output>
          </reporter-output>
        </test-method> <!-- configAC -->
      </class> <!-- com.comcast.crm.createOrg.createOrganizationRandomName -->
    </test> <!-- Default test -->
  </suite> <!-- Default suite -->
</testng-results>
