<?xml version="1.0" encoding="UTF-8"?>
<testng-results ignored="0" total="1" passed="1" failed="0" skipped="0">
  <reporter-output>
  </reporter-output>
  <suite started-at="2024-05-28T16:41:14 IST" name="Default suite" finished-at="2024-05-28T16:42:13 IST" duration-ms="59455">
    <groups>
      <group name="SmokeTest">
        <method signature="createLeadTest.s()[pri:0, instance:com.comcast.crm.createLead.createLeadTest@55183b20]" name="s" class="com.comcast.crm.createLead.createLeadTest"/>
      </group> <!-- SmokeTest -->
    </groups>
    <test started-at="2024-05-28T16:41:14 IST" name="Default test" finished-at="2024-05-28T16:42:13 IST" duration-ms="59455">
      <class name="com.comcast.crm.createLead.createLeadTest">
        <test-method is-config="true" signature="configBC()[pri:0, instance:com.comcast.crm.createLead.createLeadTest@55183b20]" started-at="2024-05-28T16:41:14 IST" name="configBC" finished-at="2024-05-28T16:41:23 IST" duration-ms="9178" status="PASS">
          <reporter-output>
          </reporter-output>
        </test-method> <!-- configBC -->
        <test-method is-config="true" signature="configSection()[pri:0, instance:com.comcast.crm.createLead.createLeadTest@55183b20]" started-at="2024-05-28T16:41:23 IST" name="configSection" finished-at="2024-05-28T16:41:35 IST" duration-ms="11776" status="PASS">
          <reporter-output>
          </reporter-output>
        </test-method> <!-- configSection -->
        <test-method signature="s()[pri:0, instance:com.comcast.crm.createLead.createLeadTest@55183b20]" started-at="2024-05-28T16:41:35 IST" name="s" finished-at="2024-05-28T16:42:13 IST" duration-ms="38165" status="PASS">
          <reporter-output>
          </reporter-output>
        </test-method> <!-- s -->
        <test-method is-config="true" signature="configAC()[pri:0, instance:com.comcast.crm.createLead.createLeadTest@55183b20]" started-at="2024-05-28T16:42:13 IST" name="configAC" finished-at="2024-05-28T16:42:13 IST" duration-ms="259" status="PASS">
          <reporter-output>
          </reporter-output>
        </test-method> <!-- configAC -->
      </class> <!-- com.comcast.crm.createLead.createLeadTest -->
    </test> <!-- Default test -->
  </suite> <!-- Default suite -->
</testng-results>
